[2023-10-25 08:15:23] INFO: Server started successfully on port 8080
[2023-10-25 08:15:24] DEBUG: Database connection established
[2023-10-25 08:15:25] INFO: User admin logged in from 192.168.1.15
[2023-10-25 08:15:26] WARNING: High memory usage detected: 85%
[2023-10-25 08:15:27] ERROR: Database query failed: connection timeout
[2023-10-25 08:15:28] INFO: New user registered: john_doe
[2023-10-25 08:15:29] DEBUG: Cache initialized with 1024 items
[2023-10-25 08:15:30] ERROR: File not found: /var/www/config.ini
[2023-10-25 08:15:31] INFO: Backup process started
[2023-10-25 08:15:32] WARNING: SSL certificate expiring in 7 days
[2023-10-25 08:15:33] DEBUG: API request received: GET /api/users
[2023-10-25 08:15:34] ERROR: Permission denied for user: guest
[2023-10-25 08:15:35] INFO: Email sent to user@example.com
[2023-10-25 08:15:36] CRITICAL: Disk space running low: 5% remaining
[2023-10-25 08:15:37] DEBUG: Session created for user_id: 42
[2023-10-25 08:15:38] WARNING: Slow database query: 2.5 seconds
[2023-10-25 08:15:39] INFO: Payment processed successfully: $150.00
[2023-10-25 08:15:40] ERROR: Invalid API key provided
[2023-10-25 08:15:41] DEBUG: Response time: 120ms for /api/products
[2023-10-25 08:15:42] INFO: System update available: v2.3.1
[2023-10-25 08:15:43] WARNING: Unauthorized access attempt from 10.0.0.25
[2023-10-25 08:15:44] ERROR: Database constraint violation
[2023-10-25 08:15:45] INFO: User profile updated: mary_smith
[2023-10-25 08:15:46] DEBUG: WebSocket connection established
[2023-10-25 08:15:47] CRITICAL: Application crash detected - restarting
[2023-10-25 08:15:48] INFO: Service restored successfully
[2023-10-25 08:15:49] ERROR: External API unavailable: https://api.example.com
[2023-10-25 08:15:50] WARNING: CPU temperature high: 78°C
[2023-10-25 08:15:51] DEBUG: Memory allocated: 256MB for process 1234
[2023-10-25 08:15:52] INFO: New order created: #ORD-789456
[2023-10-25 08:15:53] ERROR: Email delivery failed: user@domain.com
[2023-10-25 08:15:54] INFO: Database optimization completed
[2023-10-25 08:15:55] WARNING: Network latency increased: 200ms
[2023-10-25 08:15:56] DEBUG: Cache hit ratio: 92%
[2023-10-25 08:15:57] ERROR: File upload failed: size exceeds limit
[2023-10-25 08:15:58] INFO: Security scan started
[2023-10-25 08:15:59] CRITICAL: RAID array degraded - disk 3 failed
[2023-10-25 08:16:00] INFO: Redundant disk activated
[2023-10-25 08:16:01] DEBUG: Load balancer received 15 new connections
[2023-10-25 08:16:02] ERROR: SSL handshake failed: certificate expired
[2023-10-25 08:16:03] WARNING: Database index fragmentation: 45%
[2023-10-25 08:16:04] INFO: User logged out: admin
[2023-10-25 08:16:05] DEBUG: Garbage collection freed 45MB memory
[2023-10-25 08:16:06] ERROR: Invalid JSON format in request body
[2023-10-25 08:16:07] INFO: Backup completed successfully
[2023-10-25 08:16:08] WARNING: SSH brute force attempt from 203.0.113.42
[2023-10-25 08:16:09] DEBUG: API rate limit: 45 requests/minute
[2023-10-25 08:16:10] ERROR: Database deadlock detected
[2023-10-25 08:16:11] INFO: New customer subscription: premium plan
[2023-10-25 08:16:12] CRITICAL: Memory leak detected in process 5678
[2023-10-25 08:16:13] DEBUG: Query executed: SELECT * FROM users WHERE active=1
[2023-10-25 08:16:14] ERROR: Payment gateway timeout: 30 seconds
[2023-10-25 08:16:15] INFO: Content published: blog post #123
[2023-10-25 08:16:16] WARNING: DNS resolution slow: 1500ms
[2023-10-25 08:16:17] DEBUG: Session timeout: 1800 seconds
[2023-10-25 08:16:18] ERROR: File system read-only: remounting
[2023-10-25 08:16:19] INFO: System reboot scheduled for 02:00
[2023-10-25 08:16:20] DEBUG: TCP connection established to 8.8.8.8:53
[2023-10-25 08:16:21] ERROR: Cloud storage quota exceeded: 95% used
[2023-10-25 08:16:22] WARNING: Old browser detected: IE 11
[2023-10-25 08:16:23] INFO: Password changed successfully
[2023-10-25 08:16:24] DEBUG: WebSocket message received: 2.5KB
[2023-10-25 08:16:25] ERROR: Database connection pool exhausted
[2023-10-25 08:16:26] CRITICAL: Application performance degraded
[2023-10-25 08:16:27] INFO: Cache flushed successfully
[2023-10-25 08:16:28] DEBUG: HTTP/2 protocol negotiated
[2023-10-25 08:16:29] ERROR: Invalid CSRF token
[2023-10-25 08:16:30] WARNING: SSL certificate chain incomplete
[2023-10-25 08:16:31] INFO: Two-factor authentication enabled
[2023-10-25 08:16:32] DEBUG: Database transaction committed
[2023-10-25 08:16:33] ERROR: External service rate limited
[2023-10-25 08:16:34] INFO: New feature flag enabled: dark_mode
[2023-10-25 08:16:35] WARNING: API response time slow: 3.2 seconds
[2023-10-25 08:16:36] DEBUG: Memory cache size: 512 items
[2023-10-25 08:16:37] ERROR: File corruption detected: data.bin
[2023-10-25 08:16:38] INFO: User account locked: too many attempts
[2023-10-25 08:16:39] CRITICAL: Database replication lag: 120 seconds
[2023-10-25 08:16:40] DEBUG: DNS cache cleared
[2023-10-25 08:16:41] ERROR: SMTP server unavailable
[2023-10-25 08:16:42] INFO: Security update applied: CVE-2023-1234
[2023-10-25 08:16:43] WARNING: Cross-site scripting attempt blocked
[2023-10-25 08:16:44] DEBUG: JSON parsing time: 5ms
[2023-10-25 08:16:45] ERROR: Invalid database schema version
[2023-10-25 08:16:46] INFO: Load balancer health check passed
[2023-10-25 08:16:47] DEBUG: CPU usage: 65% user, 20% system
[2023-10-25 08:16:48] ERROR: Geographic restriction violation
[2023-10-25 08:16:49] WARNING: Temporary file accumulation: 2GB
[2023-10-25 08:16:50] INFO: Audit log exported successfully
[2023-10-25 09:30:15] ERROR: Database connection lost
[2023-10-25 09:30:16] ERROR: Transaction rollback failed
[2023-10-25 09:30:17] ERROR: Cache synchronization error
[2023-10-25 09:30:18] ERROR: File permission denied: /var/log/app.log
[2023-10-25 09:30:19] ERROR: API authentication failed
[2023-10-25 09:30:20] ERROR: Disk I/O error: sector 2048
[2023-10-25 09:30:21] ERROR: Memory allocation failed: 1GB requested
[2023-10-25 09:30:22] ERROR: Network interface down: eth0
[2023-10-25 09:30:23] ERROR: Database integrity check failed
[2023-10-25 09:30:24] ERROR: SSL certificate verification failed
[2023-10-25 09:30:25] ERROR: External service unavailable: payment_gateway
[2023-10-25 09:30:26] ERROR: Configuration file syntax error
[2023-10-25 09:30:27] ERROR: User session expired during transaction
[2023-10-25 09:30:28] ERROR: Backup verification failed
[2023-10-25 09:30:29] ERROR: Load balancer health check failed
[2023-10-25 09:30:30] ERROR: Database index corrupted
[2023-10-25 10:45:01] ERROR: API rate limit exceeded
[2023-10-25 10:45:02] ERROR: Invalid email format: user@
[2023-10-25 10:45:03] ERROR: File size too large: 250MB
[2023-10-25 10:45:04] ERROR: Database deadlock detected
[2023-10-25 10:45:05] ERROR: Memory overflow in buffer
[2023-10-25 10:45:06] ERROR: Network packet loss: 15%
[2023-10-25 10:45:07] ERROR: SSL protocol error
[2023-10-25 10:45:08] ERROR: External API changed response format
[2023-10-25 10:45:09] ERROR: Database migration failed
[2023-10-25 10:45:10] ERROR: File checksum mismatch
[2023-10-25 10:45:11] ERROR: User account suspended
[2023-10-25 10:45:12] ERROR: Cache invalidation failed
[2023-10-25 10:45:13] ERROR: DNS resolution failed: api.service.com
[2023-10-25 10:45:14] ERROR: Database constraint violation
[2023-10-25 10:45:15] ERROR: Invalid UTF-8 sequence in input
[2023-10-25 11:20:33] INFO: Daily report generated
[2023-10-25 11:20:34] INFO: System maintenance completed
[2023-10-25 11:20:35] INFO: New software version deployed: v2.4.0
[2023-10-25 11:20:36] INFO: Performance metrics collected
[2023-10-25 11:20:37] INFO: Security audit passed
[2023-10-25 11:20:38] INFO: Database backup verified
[2023-10-25 11:20:39] INFO: User feedback received: 4.5 stars
[2023-10-25 11:20:40] INFO: Network configuration updated
[2023-10-25 11:20:41] INFO: Cache warming completed
[2023-10-25 11:20:42] INFO: API documentation updated
[2023-10-25 11:20:43] INFO: Mobile app update released
[2023-10-25 11:20:44] INFO: Social media integration enabled
[2023-10-25 11:20:45] INFO: Data export completed
[2023-10-25 11:20:46] INFO: System health check: OK
[2023-10-25 11:20:47] INFO: New language support added: Spanish
[2023-10-25 11:20:48] INFO: Payment received: $299.00
[2023-10-25 11:20:49] INFO: User training completed
[2023-10-25 11:20:50] INFO: Compliance check passed
[2023-10-25 14:55:12] WARNING: Memory usage increasing: 75%
[2023-10-25 14:55:13] WARNING: Database response time slow: 800ms
[2023-10-25 14:55:14] WARNING: SSL certificate expiring in 3 days
[2023-10-25 14:55:15] WARNING: API deprecated: use v2 instead
[2023-10-25 14:55:16] WARNING: User password weak: needs reset
[2023-10-25 14:55:17] WARNING: Cache hit ratio low: 45%
[2023-10-25 14:55:18] WARNING: Network bandwidth saturated: 95%
[2023-10-25 14:55:19] WARNING: Database storage 85% full
[2023-10-25 14:55:20] WARNING: Old session data detected
[2023-10-25 14:55:21] WARNING: API version compatibility issue
[2023-10-25 14:55:22] WARNING: Geographic load imbalance
[2023-10-25 14:55:23] WARNING: DNS TTL too high: 3600 seconds
[2023-10-25 14:55:24] WARNING: CPU load average: 4.5
[2023-10-25 14:55:25] WARNING: Database connection pool 80% used
[2023-10-25 14:55:26] WARNING: File descriptor limit approaching
[2023-10-25 14:55:27] WARNING: SSL cipher strength weak
[2023-10-25 14:55:28] WARNING: API response size large: 5MB
[2023-10-25 14:55:29] WARNING: User inactivity: 90 days
[2023-10-25 14:55:30] WARNING: Cache memory fragmentation: 30%
[2023-10-25 16:10:45] DEBUG: Request headers analyzed
[2023-10-25 16:10:46] DEBUG: SQL query optimized
[2023-10-25 16:10:47] DEBUG: JSON serialization time: 12ms
[2023-10-25 16:10:48] DEBUG: Network packet size: 1452 bytes
[2023-10-25 16:10:49] DEBUG: Cache miss ratio: 8%
[2023-10-25 16:10:50] DEBUG: Garbage collection pause: 45ms
[2023-10-25 16:10:51] DEBUG: Database lock acquired: 5ms
[2023-10-25 16:10:52] DEBUG: HTTP response code: 200
[2023-10-25 16:10:53] DEBUG: Memory page faults: 120/sec
[2023-10-25 16:10:54] DEBUG: TCP window size: 65535 bytes
[2023-10-25 16:10:55] DEBUG: SSL handshake time: 150ms
[2023-10-25 16:10:56] DEBUG: API endpoint called: /users/42
[2023-10-25 16:10:57] DEBUG: Database index used: idx_users_email
[2023-10-25 16:10:58] DEBUG: Response compression ratio: 65%
[2023-10-25 16:10:59] DEBUG: CPU cache hits: 92%
[2023-10-25 16:11:00] DEBUG: DNS lookup cached: google.com
[2023-10-25 16:11:01] DEBUG: Session data size: 2.3KB
[2023-10-25 16:11:02] DEBUG: WebSocket frame processed: 1.2KB
[2023-10-25 16:11:03] DEBUG: API rate limit remaining: 45/60
[2023-10-25 16:11:04] DEBUG: Memory allocation: 256MB for image processing
[2023-10-25 16:11:05] DEBUG: Database transaction isolation level: READ_COMMITTED
[2023-10-25 16:11:06] DEBUG: HTTP/2 stream priority: high
[2023-10-25 16:11:07] DEBUG: Cache expiration: 300 seconds
[2023-10-25 16:11:08] DEBUG: Load balancer algorithm: round_robin
[2023-10-25 16:11:09] DEBUG: JSON schema validation passed
[2023-10-25 16:11:10] DEBUG: Network latency: 35ms to 8.8.8.8
[2023-10-25 17:25:22] CRITICAL: Database cluster node failure
[2023-10-25 17:25:23] CRITICAL: Power supply unit failed
[2023-10-25 17:25:24] CRITICAL: Network switch outage
[2023-10-25 17:25:25] CRITICAL: Storage array controller failed
[2023-10-25 17:25:26] CRITICAL: Cooling system malfunction
[2023-10-25 17:25:27] CRITICAL: Firewall configuration lost
[2023-10-25 17:25:28] CRITICAL: RAID array rebuild failed
[2023-10-25 17:25:29] CRITICAL: Backup storage unreachable
[2023-10-25 17:25:30] CRITICAL: Security breach detected
[2023-10-25 17:25:31] CRITICAL: Database corruption detected
[2023-10-25 17:25:32] CRITICAL: SSL private key compromised
[2023-10-25 17:25:33] CRITICAL: DDoS attack in progress
[2023-10-25 17:25:34] CRITICAL: Data center power outage
[2023-10-25 17:25:35] CRITICAL: Network infrastructure failure
[2023-10-25 17:25:36] CRITICAL: Zero-day vulnerability exploited
[2023-10-25 17:25:37] CRITICAL: Database replication broken
[2023-10-25 17:25:38] CRITICAL: Storage volume corrupted
[2023-10-25 17:25:39] CRITICAL: Load balancer failed over
[2023-10-25 17:25:40] CRITICAL: API gateway overloaded
[2023-10-25 18:40:55] INFO: Emergency maintenance started
[2023-10-25 18:40:56] INFO: Failover to backup site initiated
[2023-10-25 18:40:57] INFO: Security incident contained
[2023-10-25 18:40:58] INFO: System recovery in progress
[2023-10-25 18:40:59] INFO: Backup generators activated
[2023-10-25 18:41:00] INFO: Emergency patch applied
[2023-10-25 18:41:01] INFO: Data integrity verified
[2023-10-25 18:41:02] INFO: Services gradually restoring
[2023-10-25 18:41:03] INFO: User notification sent
[2023-10-25 18:41:04] INFO: Incident report generated
[2023-10-25 18:41:05] INFO: System stability monitoring
[2023-10-25 18:41:06] INFO: Recovery completed successfully
[2023-10-25 18:41:07] INFO: Post-incident analysis started
[2023-10-25 18:41:08] INFO: Preventive measures implemented
[2023-10-25 18:41:09] INFO: System fully operational
[2023-10-25 18:41:10] INFO: Lessons learned documented
[2023-10-25 14:55:22] WARNING: Geographic load imbalance
[2023-10-25 14:55:22] WARNING: Geographic load imbalance
[2023-10-25 14:55:22] WARNING: Geographic load imbalance
[2023-10-25 14:55:22] WARNING: Geographic load imbalance
[2023-10-25 14:55:22] WARNING: Geographic load imbalance
[2023-10-25 14:55:22] WARNING: Geographic load imbalance